f:\escritorio\vgp-homework\3dgraphics\fuck\pix\x\x64\debug\x.pch
f:\escritorio\vgp-homework\3dgraphics\fuck\pix\x64\debug\x.pdb
f:\escritorio\vgp-homework\3dgraphics\fuck\pix\x64\debug\x.idb
f:\escritorio\vgp-homework\3dgraphics\fuck\pix\x\x64\debug\precompiled.obj
f:\escritorio\vgp-homework\3dgraphics\fuck\pix\x\x64\debug\xengine.obj
f:\escritorio\vgp-homework\3dgraphics\fuck\pix\x\x64\debug\vertexutil.obj
f:\escritorio\vgp-homework\3dgraphics\fuck\pix\x\x64\debug\vertexshader.obj
f:\escritorio\vgp-homework\3dgraphics\fuck\pix\x\x64\debug\vertex.obj
f:\escritorio\vgp-homework\3dgraphics\fuck\pix\x\x64\debug\timer.obj
f:\escritorio\vgp-homework\3dgraphics\fuck\pix\x\x64\debug\texturemanager.obj
f:\escritorio\vgp-homework\3dgraphics\fuck\pix\x\x64\debug\texture.obj
f:\escritorio\vgp-homework\3dgraphics\fuck\pix\x\x64\debug\spriterenderer.obj
f:\escritorio\vgp-homework\3dgraphics\fuck\pix\x\x64\debug\soundeffectmanager.obj
f:\escritorio\vgp-homework\3dgraphics\fuck\pix\x\x64\debug\simpledraw.obj
f:\escritorio\vgp-homework\3dgraphics\fuck\pix\x\x64\debug\rendertarget.obj
f:\escritorio\vgp-homework\3dgraphics\fuck\pix\x\x64\debug\pixelshader.obj
f:\escritorio\vgp-homework\3dgraphics\fuck\pix\x\x64\debug\inputsystem.obj
f:\escritorio\vgp-homework\3dgraphics\fuck\pix\x\x64\debug\gui.obj
f:\escritorio\vgp-homework\3dgraphics\fuck\pix\x\x64\debug\graphicssystem.obj
f:\escritorio\vgp-homework\3dgraphics\fuck\pix\x\x64\debug\font.obj
f:\escritorio\vgp-homework\3dgraphics\fuck\pix\x\x64\debug\constantbuffer.obj
f:\escritorio\vgp-homework\3dgraphics\fuck\pix\x\x64\debug\config.obj
f:\escritorio\vgp-homework\3dgraphics\fuck\pix\x\x64\debug\camera.obj
f:\escritorio\vgp-homework\3dgraphics\fuck\pix\x\x64\debug\audiosystem.obj
f:\escritorio\vgp-homework\3dgraphics\fuck\pix\x\x64\debug\xmath.obj
f:\escritorio\vgp-homework\3dgraphics\fuck\pix\x64\debug\x.lib
f:\escritorio\vgp-homework\3dgraphics\fuck\pix\x\x64\debug\x.tlog\cl.command.1.tlog
f:\escritorio\vgp-homework\3dgraphics\fuck\pix\x\x64\debug\x.tlog\cl.items.tlog
f:\escritorio\vgp-homework\3dgraphics\fuck\pix\x\x64\debug\x.tlog\cl.read.1.tlog
f:\escritorio\vgp-homework\3dgraphics\fuck\pix\x\x64\debug\x.tlog\cl.write.1.tlog
f:\escritorio\vgp-homework\3dgraphics\fuck\pix\x\x64\debug\x.tlog\lib-link.read.1.tlog
f:\escritorio\vgp-homework\3dgraphics\fuck\pix\x\x64\debug\x.tlog\lib-link.write.1.tlog
f:\escritorio\vgp-homework\3dgraphics\fuck\pix\x\x64\debug\x.tlog\lib.command.1.tlog
