f:\escritorio\vgp-homework\3dgraphics\fuck\pix\pix\x64\debug\vc143.pdb
f:\escritorio\vgp-homework\3dgraphics\fuck\pix\pix\x64\debug\vc143.idb
f:\escritorio\vgp-homework\3dgraphics\fuck\pix\pix\x64\debug\graphics.obj
f:\escritorio\vgp-homework\3dgraphics\fuck\pix\pix\x64\debug\commanddictionary.obj
f:\escritorio\vgp-homework\3dgraphics\fuck\pix\pix\x64\debug\cmdvarfloat.obj
f:\escritorio\vgp-homework\3dgraphics\fuck\pix\pix\x64\debug\cmdshowviewport.obj
f:\escritorio\vgp-homework\3dgraphics\fuck\pix\pix\x64\debug\cmdsetviewport.obj
f:\escritorio\vgp-homework\3dgraphics\fuck\pix\pix\x64\debug\cmdsetresolution.obj
f:\escritorio\vgp-homework\3dgraphics\fuck\pix\pix\x64\debug\cmdsetfillmode.obj
f:\escritorio\vgp-homework\3dgraphics\fuck\pix\pix\x64\debug\cmdsetcolor.obj
f:\escritorio\vgp-homework\3dgraphics\fuck\pix\pix\x64\debug\cmdsetclipping.obj
f:\escritorio\vgp-homework\3dgraphics\fuck\pix\pix\x64\debug\cmdsetcameraposition.obj
f:\escritorio\vgp-homework\3dgraphics\fuck\pix\pix\x64\debug\cmdsetcameranear.obj
f:\escritorio\vgp-homework\3dgraphics\fuck\pix\pix\x64\debug\cmdsetcamerafov.obj
f:\escritorio\vgp-homework\3dgraphics\fuck\pix\pix\x64\debug\cmdsetcamerafar.obj
f:\escritorio\vgp-homework\3dgraphics\fuck\pix\pix\x64\debug\cmdsetcameradirection.obj
f:\escritorio\vgp-homework\3dgraphics\fuck\pix\pix\x64\debug\cmdenddraw.obj
f:\escritorio\vgp-homework\3dgraphics\fuck\pix\pix\x64\debug\cmddrawpixel.obj
f:\escritorio\vgp-homework\3dgraphics\fuck\pix\pix\x64\debug\cmdbegindraw.obj
f:\escritorio\vgp-homework\3dgraphics\fuck\pix\pix\x64\debug\cmdaddvertex.obj
f:\escritorio\vgp-homework\3dgraphics\fuck\pix\pix\x64\debug\clipper.obj
f:\escritorio\vgp-homework\3dgraphics\fuck\pix\pix\x64\debug\camera.obj
f:\escritorio\vgp-homework\3dgraphics\fuck\pix\pix\x64\debug\winmain.obj
f:\escritorio\vgp-homework\3dgraphics\fuck\pix\pix\x64\debug\viewport.obj
f:\escritorio\vgp-homework\3dgraphics\fuck\pix\pix\x64\debug\variablecache.obj
f:\escritorio\vgp-homework\3dgraphics\fuck\pix\pix\x64\debug\texteditor.obj
f:\escritorio\vgp-homework\3dgraphics\fuck\pix\pix\x64\debug\scriptparser.obj
f:\escritorio\vgp-homework\3dgraphics\fuck\pix\pix\x64\debug\rasterizer.obj
f:\escritorio\vgp-homework\3dgraphics\fuck\pix\pix\x64\debug\primitivemanager.obj
f:\escritorio\vgp-homework\3dgraphics\fuck\pix\pix\x64\debug\pixeditor.obj
f:\escritorio\vgp-homework\3dgraphics\fuck\pix\pix\x64\debug\matrixstack.obj
f:\escritorio\vgp-homework\3dgraphics\fuck\pix\pix\x64\debug\mathhelper.obj
f:\escritorio\vgp-homework\3dgraphics\fuck\pix\x64\debug\pix.exe
f:\escritorio\vgp-homework\3dgraphics\fuck\pix\x64\debug\pix.pdb
f:\escritorio\vgp-homework\3dgraphics\fuck\pix\x64\debug\pix.lib
f:\escritorio\vgp-homework\3dgraphics\fuck\pix\x64\debug\pix.exp
f:\escritorio\vgp-homework\3dgraphics\fuck\pix\pix\x64\debug\pix.ilk
f:\escritorio\vgp-homework\3dgraphics\fuck\pix\pix\x64\debug\pix.tlog\cl.command.1.tlog
f:\escritorio\vgp-homework\3dgraphics\fuck\pix\pix\x64\debug\pix.tlog\cl.items.tlog
f:\escritorio\vgp-homework\3dgraphics\fuck\pix\pix\x64\debug\pix.tlog\cl.read.1.tlog
f:\escritorio\vgp-homework\3dgraphics\fuck\pix\pix\x64\debug\pix.tlog\cl.write.1.tlog
f:\escritorio\vgp-homework\3dgraphics\fuck\pix\pix\x64\debug\pix.tlog\link.command.1.tlog
f:\escritorio\vgp-homework\3dgraphics\fuck\pix\pix\x64\debug\pix.tlog\link.read.1.tlog
f:\escritorio\vgp-homework\3dgraphics\fuck\pix\pix\x64\debug\pix.tlog\link.secondary.1.tlog
f:\escritorio\vgp-homework\3dgraphics\fuck\pix\pix\x64\debug\pix.tlog\link.write.1.tlog
